<?xml version="1.0" encoding="utf-8"?><testsuites name="pytest tests"><testsuite name="pytest" errors="0" failures="0" skipped="0" tests="4" time="1.259" timestamp="2026-07-03T08:00:19.264529+00:00" hostname="agent-env-663e739f-6ebe-4ab5-bb61-2508469df4c9"><testcase classname="tests.backend_test" name="test_root" time="0.201" /><testcase classname="tests.backend_test" name="test_create_status" time="0.157" /><testcase classname="tests.backend_test" name="test_list_status_contains_created" time="0.207" /><testcase classname="tests.backend_test" name="test_create_status_missing_field" time="0.129" /></testsuite></testsuites>